[2025-07-26 19:47:55] ERROR: Login failed for email: np05cp4a230130@iic.edu.np - Invalid email or password
[2025-07-30 09:34:58] ERROR: Login failed for email: np05cp4a230130@iic.edu.np - Invalid email or password
[2025-07-30 09:48:23] ERROR: Login failed for email: darshanwarrior338452@gmail.com - Invalid email or password
[2025-07-30 10:45:23] ERROR: Login failed for email: np05cp4a230130@iic.edu.np - Invalid email or password
[2025-07-30 10:45:24] ERROR: Login failed for email: np05cp4a230130@iic.edu.np - Invalid email or password
[2025-07-30 10:46:44] ERROR: Login failed for email: np05cp4a230130@iic.edu.np - Invalid email or password
[2025-07-30 10:47:03] ERROR: Login failed for email: darshanwarrior338452@gmail.com - Invalid email or password
[2025-07-30 11:07:10] ERROR: Login failed for email: darshanwarrior338452@gmail.com - Invalid email or password
[2025-07-30 11:08:26] ERROR: Login failed for email: np05cp4a230130@iic.edu.np - Invalid email or password
[2025-07-30 11:10:23] ERROR: Login failed for email: np05cp4a230130@iic.edu.np - Invalid email or password
[2025-07-30 11:10:28] ERROR: Login failed for email: np05cp4a230130@iic.edu.np - Invalid email or password
[2025-07-30 11:16:32] ERROR: Login failed for email: np05cp4a230130@iic.edu.np - Invalid email or password
[2025-07-30 11:21:07] ERROR: Login failed for email: np05cp4a230130@iic.edu.np - Invalid email or password
[2025-07-30 11:21:09] ERROR: Login failed for email: np05cp4a230130@iic.edu.np - Invalid email or password
[2025-07-30 11:21:56] ERROR: Login failed for email: np05cp4a230130@iic.edu.np - Invalid email or password
[2025-07-30 11:22:22] ERROR: Login failed for email: np05cp4a230130@iic.edu.np - Invalid email or password
[2025-07-30 11:39:41] ERROR: Login failed for email: np05cp4a230130@iic.edu.np - User account not verified
[2025-07-30 11:39:43] ERROR: Login failed for email: np05cp4a230130@iic.edu.np - User account not verified
[2025-07-30 11:42:14] ERROR: Login failed for email: np05cp4a230130@iic.edu.np - User account not verified
[2025-07-30 11:42:15] ERROR: Login failed for email: np05cp4a230130@iic.edu.np - User account not verified
[2025-07-30 11:42:16] ERROR: Login failed for email: np05cp4a230130@iic.edu.np - User account not verified
[2025-07-30 11:43:23] ERROR: Login failed for email: np05cp4a230130@iic.edu.np - User account not verified
[2025-07-30 11:44:51] ERROR: Login failed for email: np05cp4a230130@iic.edu.np - User account not verified
[2025-07-30 11:46:20] ERROR: Login failed for email: np05cp4a230130@iic.edu.np - User account not verified
[2025-07-30 11:50:23] ERROR: Login failed for email: np05cp4a230130@iic.edu.np - User account not verified
[2025-07-30 11:53:43] ERROR: Login failed for email: np05cp4a230130@iic.edu.np - User account not verified
[2025-07-30 11:57:28] ERROR: Login failed for email: np05cp4a230130@iic.edu.np - User account not verified
[2025-07-30 12:02:06] ERROR: Login failed for email: np05cp4a230130@iic.edu.np - User account not verified
[2025-07-30 12:04:23] ERROR: Login failed for email: np05cp4a230130@iic.edu.np - User account not verified
[2025-07-30 12:07:03] ERROR: Login failed for email: np05cp4a230130@iic.edu.np - User account not verified
[2025-07-30 12:14:11] ERROR: Login failed for email: np05cp4a230130@iic.edu.np - User account not verified
[2025-07-30 12:23:11] ERROR: Login failed for email: np05cp4a230130@iic.edu.np - User account not verified
[2025-07-30 12:24:50] ERROR: Login failed for email: np05cp4a230130@iic.edu.np - User account not verified
[2025-07-30 12:30:41] ERROR: Login failed for email: np05cp4a230130@iic.edu.np - User account not verified
[2025-07-30 12:30:49] ERROR: Login failed for email: np05cp4a230130@iic.edu.np - User account not verified
[2025-07-30 12:33:02] ERROR: Login failed for email: np05cp4a230130@iic.edu.np - User account not verified
[2025-07-30 12:35:14] ERROR: Login failed for email: np05cp4a230130@iic.edu.np - User account not verified
[2025-07-30 12:43:26] ERROR: Login failed for email: np05cp4a230130@iic.edu.np - User account not verified
[2025-07-30 12:44:58] ERROR: Login failed for email: np05cp4a230130@iic.edu.np - jwt is not defined
[2025-07-30 12:45:07] ERROR: Login failed for email: np05cp4a230130@iic.edu.np - jwt is not defined
[2025-07-30 12:51:16] ERROR: Login failed for email: np05cp4a230130@iic.edu.np - User account not verified
[2025-07-30 13:41:59] ERROR: Login failed for email: np05cp4a230130@iic.edu.np - User account not verified
[2025-07-30 14:01:52] ERROR: Login failed for email: np05cp4a230130@iic.edu.np - User account not verified
[2025-07-30 14:02:02] ERROR: Login failed for email: np05cp4a230130@iic.edu.np - User account not verified
[2025-08-01 18:06:47] ERROR: Login failed for email: np05cp4a230130@iic.edu.np - User account not verified
[2025-08-01 18:26:30] ERROR: Login failed for email: np05cp4a230130@iic.edu.np - Invalid email or password
[2025-08-01 18:26:31] ERROR: Login failed for email: np05cp4a230130@iic.edu.np - Invalid email or password
[2025-08-01 18:26:35] ERROR: Login failed for email: np05cp4a230130@iic.edu.np - Invalid email or password
[2025-08-01 18:26:38] ERROR: Login failed for email: np05cp4a230130@iic.edu.np - User account not verified
[2025-08-01 18:38:04] ERROR: Login failed for email: np05cp4a230130@iic.edu.np - Invalid email or password
[2025-08-01 18:38:10] ERROR: Login failed for email: np05cp4a230130@iic.edu.np - User account not verified
[2025-08-01 18:44:32] ERROR: Login failed for email: np05cp4a230130@iic.edu.np - isTempUser is not defined
[2025-08-01 18:44:34] ERROR: Login failed for email: np05cp4a230130@iic.edu.np - isTempUser is not defined
[2025-08-01 18:49:51] ERROR: Login failed for email: darshanwarrior338452@gmail.com - Invalid email or password
[2025-08-01 18:52:00] ERROR: Login failed for email: drshnbhattarai@gmail.com - data and hash arguments required
[2025-08-01 18:52:24] ERROR: Login failed for email: np05cp4a230130@iic.edu.np - Invalid email or password
[2025-08-01 18:54:57] ERROR: Login failed for email: np05cp4a230130@iic.edu.np - Invalid email or password
[2025-08-01 18:56:01] ERROR: Login failed for email: np05cp4a230130@iic.edu.np - Invalid email or password
[2025-08-01 18:56:05] ERROR: Login failed for email: np05cp4a230130@iic.edu.np - Invalid email or password
[2025-08-01 18:56:10] ERROR: Login failed for email: np05cp4a230130@iic.edu.np - Invalid email or password
